# JRE version: OpenJDK Runtime Environment Temurin-21.0.10+7 (21.0.10+7) (build 21.0.10+7-LTS)
# Java VM: OpenJDK 64-Bit Server VM Temurin-21.0.10+7 (21.0.10+7-LTS, mixed mode, sharing, tiered, compressed oops, compressed class ptrs, parallel gc, windows-amd64)
GC Precious Log:
 CardTable entry size: 512
 CPUs: 8 total, 8 available
 Memory: 7834M
 Large Page Support: Disabled
 NUMA Support: Disabled
 Compressed Oops: Enabled (32-bit)
 Alignments: Space 512K, Generation 512K, Heap 2M
 Heap Min Capacity: 100M
 Heap Initial Capacity: 100M
 Heap Max Capacity: 2G
 Pre-touch: Disabled
 Parallel Workers: 8
Heap:
 PSYoungGen      total 12288K, used 7764K [0x00000000d5580000, 0x00000000d6500000, 0x0000000100000000)
  eden space 11776K, 63% used [0x00000000d5580000,0x00000000d5cd52a8,0x00000000d6100000)
  from space 512K, 50% used [0x00000000d6480000,0x00000000d64c0000,0x00000000d6500000)
  to   space 1536K, 0% used [0x00000000d6200000,0x00000000d6200000,0x00000000d6380000)
 ParOldGen       total 568320K, used 568316K [0x0000000080000000, 0x00000000a2b00000, 0x00000000d5580000)
  object space 568320K, 99% used [0x0000000080000000,0x00000000a2aff220,0x00000000a2b00000)
 Metaspace       used 107767K, committed 110016K, reserved 1179648K
  class space    used 13717K, committed 14784K, reserved 1048576K
GC Heap History (20 events):
Event: 489.578 GC heap before
{Heap before GC invocations=2651 (full 4):
 PSYoungGen      total 12288K, used 12224K [0x00000000d5580000, 0x00000000d6700000, 0x0000000100000000)
  eden space 11776K, 100% used [0x00000000d5580000,0x00000000d6100000,0x00000000d6100000)
  from space 512K, 87% used [0x00000000d6680000,0x00000000d66f0010,0x00000000d6700000)
  to   space 512K, 0% used [0x00000000d6600000,0x00000000d6600000,0x00000000d6680000)
 ParOldGen       total 561664K, used 561480K [0x0000000080000000, 0x00000000a2480000, 0x00000000d5580000)
  object space 561664K, 99% used [0x0000000080000000,0x00000000a24523e0,0x00000000a2480000)
 Metaspace       used 107507K, committed 109760K, reserved 1179648K
  class space    used 13706K, committed 14784K, reserved 1048576K
}
Event: 489.581 GC heap after
{Heap after GC invocations=2651 (full 4):
 PSYoungGen      total 12288K, used 352K [0x00000000d5580000, 0x00000000d6700000, 0x0000000100000000)
  eden space 11776K, 0% used [0x00000000d5580000,0x00000000d5580000,0x00000000d6100000)
  from space 512K, 68% used [0x00000000d6600000,0x00000000d6658010,0x00000000d6680000)
  to   space 512K, 0% used [0x00000000d6680000,0x00000000d6680000,0x00000000d6700000)
 ParOldGen       total 561664K, used 561520K [0x0000000080000000, 0x00000000a2480000, 0x00000000d5580000)
  object space 561664K, 99% used [0x0000000080000000,0x00000000a245c3e0,0x00000000a2480000)
 Metaspace       used 107507K, committed 109760K, reserved 1179648K
  class space    used 13706K, committed 14784K, reserved 1048576K
}
Event: 489.913 GC heap before
{Heap before GC invocations=2652 (full 4):
 PSYoungGen      total 12288K, used 12128K [0x00000000d5580000, 0x00000000d6700000, 0x0000000100000000)
  eden space 11776K, 100% used [0x00000000d5580000,0x00000000d6100000,0x00000000d6100000)
  from space 512K, 68% used [0x00000000d6600000,0x00000000d6658010,0x00000000d6680000)
  to   space 512K, 0% used [0x00000000d6680000,0x00000000d6680000,0x00000000d6700000)
 ParOldGen       total 561664K, used 561520K [0x0000000080000000, 0x00000000a2480000, 0x00000000d5580000)
  object space 561664K, 99% used [0x0000000080000000,0x00000000a245c3e0,0x00000000a2480000)
 Metaspace       used 107515K, committed 109760K, reserved 1179648K
  class space    used 13707K, committed 14784K, reserved 1048576K
}
Event: 489.916 GC heap after
{Heap after GC invocations=2652 (full 4):
 PSYoungGen      total 12288K, used 288K [0x00000000d5580000, 0x00000000d6700000, 0x0000000100000000)
  eden space 11776K, 0% used [0x00000000d5580000,0x00000000d5580000,0x00000000d6100000)
  from space 512K, 56% used [0x00000000d6680000,0x00000000d66c8010,0x00000000d6700000)
  to   space 512K, 0% used [0x00000000d6600000,0x00000000d6600000,0x00000000d6680000)
 ParOldGen       total 561664K, used 561616K [0x0000000080000000, 0x00000000a2480000, 0x00000000d5580000)
  object space 561664K, 99% used [0x0000000080000000,0x00000000a24743e0,0x00000000a2480000)
 Metaspace       used 107515K, committed 109760K, reserved 1179648K
  class space    used 13707K, committed 14784K, reserved 1048576K
}
Event: 489.951 GC heap before
{Heap before GC invocations=2653 (full 4):
 PSYoungGen      total 12288K, used 12064K [0x00000000d5580000, 0x00000000d6700000, 0x0000000100000000)
  eden space 11776K, 100% used [0x00000000d5580000,0x00000000d6100000,0x00000000d6100000)
  from space 512K, 56% used [0x00000000d6680000,0x00000000d66c8010,0x00000000d6700000)
  to   space 512K, 0% used [0x00000000d6600000,0x00000000d6600000,0x00000000d6680000)
 ParOldGen       total 561664K, used 561616K [0x0000000080000000, 0x00000000a2480000, 0x00000000d5580000)
  object space 561664K, 99% used [0x0000000080000000,0x00000000a24743e0,0x00000000a2480000)
 Metaspace       used 107515K, committed 109760K, reserved 1179648K
  class space    used 13707K, committed 14784K, reserved 1048576K
}
Event: 489.953 GC heap after
{Heap after GC invocations=2653 (full 4):
 PSYoungGen      total 12288K, used 320K [0x00000000d5580000, 0x00000000d6700000, 0x0000000100000000)
  eden space 11776K, 0% used [0x00000000d5580000,0x00000000d5580000,0x00000000d6100000)
  from space 512K, 62% used [0x00000000d6600000,0x00000000d6650010,0x00000000d6680000)
  to   space 512K, 0% used [0x00000000d6680000,0x00000000d6680000,0x00000000d6700000)
 ParOldGen       total 561664K, used 561648K [0x0000000080000000, 0x00000000a2480000, 0x00000000d5580000)
  object space 561664K, 99% used [0x0000000080000000,0x00000000a247c3e0,0x00000000a2480000)
 Metaspace       used 107515K, committed 109760K, reserved 1179648K
  class space    used 13707K, committed 14784K, reserved 1048576K
}
Event: 489.997 GC heap before
{Heap before GC invocations=2654 (full 4):
 PSYoungGen      total 12288K, used 12096K [0x00000000d5580000, 0x00000000d6700000, 0x0000000100000000)
  eden space 11776K, 100% used [0x00000000d5580000,0x00000000d6100000,0x00000000d6100000)
  from space 512K, 62% used [0x00000000d6600000,0x00000000d6650010,0x00000000d6680000)
  to   space 512K, 0% used [0x00000000d6680000,0x00000000d6680000,0x00000000d6700000)
 ParOldGen       total 561664K, used 561648K [0x0000000080000000, 0x00000000a2480000, 0x00000000d5580000)
  object space 561664K, 99% used [0x0000000080000000,0x00000000a247c3e0,0x00000000a2480000)
 Metaspace       used 107515K, committed 109760K, reserved 1179648K
  class space    used 13707K, committed 14784K, reserved 1048576K
}
Event: 490.000 GC heap after
{Heap after GC invocations=2654 (full 4):
 PSYoungGen      total 12288K, used 384K [0x00000000d5580000, 0x00000000d6700000, 0x0000000100000000)
  eden space 11776K, 0% used [0x00000000d5580000,0x00000000d5580000,0x00000000d6100000)
  from space 512K, 75% used [0x00000000d6680000,0x00000000d66e0010,0x00000000d6700000)
  to   space 512K, 0% used [0x00000000d6600000,0x00000000d6600000,0x00000000d6680000)
 ParOldGen       total 562176K, used 561680K [0x0000000080000000, 0x00000000a2500000, 0x00000000d5580000)
  object space 562176K, 99% used [0x0000000080000000,0x00000000a24843e0,0x00000000a2500000)
 Metaspace       used 107515K, committed 109760K, reserved 1179648K
  class space    used 13707K, committed 14784K, reserved 1048576K
}
Event: 490.061 GC heap before
{Heap before GC invocations=2655 (full 4):
 PSYoungGen      total 12288K, used 12160K [0x00000000d5580000, 0x00000000d6700000, 0x0000000100000000)
  eden space 11776K, 100% used [0x00000000d5580000,0x00000000d6100000,0x00000000d6100000)
  from space 512K, 75% used [0x00000000d6680000,0x00000000d66e0010,0x00000000d6700000)
  to   space 512K, 0% used [0x00000000d6600000,0x00000000d6600000,0x00000000d6680000)
 ParOldGen       total 562176K, used 561680K [0x0000000080000000, 0x00000000a2500000, 0x00000000d5580000)
  object space 562176K, 99% used [0x0000000080000000,0x00000000a24843e0,0x00000000a2500000)
 Metaspace       used 107515K, committed 109760K, reserved 1179648K
  class space    used 13707K, committed 14784K, reserved 1048576K
}
Event: 490.063 GC heap after
{Heap after GC invocations=2655 (full 4):
 PSYoungGen      total 12288K, used 416K [0x00000000d5580000, 0x00000000d6700000, 0x0000000100000000)
  eden space 11776K, 0% used [0x00000000d5580000,0x00000000d5580000,0x00000000d6100000)
  from space 512K, 81% used [0x00000000d6600000,0x00000000d6668010,0x00000000d6680000)
  to   space 512K, 0% used [0x00000000d6680000,0x00000000d6680000,0x00000000d6700000)
 ParOldGen       total 562176K, used 561704K [0x0000000080000000, 0x00000000a2500000, 0x00000000d5580000)
  object space 562176K, 99% used [0x0000000080000000,0x00000000a248a3e0,0x00000000a2500000)
 Metaspace       used 107515K, committed 109760K, reserved 1179648K
  class space    used 13707K, committed 14784K, reserved 1048576K
}
Event: 490.156 GC heap before
{Heap before GC invocations=2656 (full 4):
 PSYoungGen      total 12288K, used 12192K [0x00000000d5580000, 0x00000000d6700000, 0x0000000100000000)
  eden space 11776K, 100% used [0x00000000d5580000,0x00000000d6100000,0x00000000d6100000)
  from space 512K, 81% used [0x00000000d6600000,0x00000000d6668010,0x00000000d6680000)
  to   space 512K, 0% used [0x00000000d6680000,0x00000000d6680000,0x00000000d6700000)
 ParOldGen       total 562176K, used 561704K [0x0000000080000000, 0x00000000a2500000, 0x00000000d5580000)
  object space 562176K, 99% used [0x0000000080000000,0x00000000a248a3e0,0x00000000a2500000)
 Metaspace       used 107517K, committed 109824K, reserved 1179648K
  class space    used 13708K, committed 14784K, reserved 1048576K
}
Event: 490.160 GC heap after
{Heap after GC invocations=2656 (full 4):
 PSYoungGen      total 12288K, used 512K [0x00000000d5580000, 0x00000000d6700000, 0x0000000100000000)
  eden space 11776K, 0% used [0x00000000d5580000,0x00000000d5580000,0x00000000d6100000)
  from space 512K, 100% used [0x00000000d6680000,0x00000000d6700000,0x00000000d6700000)
  to   space 1024K, 0% used [0x00000000d6500000,0x00000000d6500000,0x00000000d6600000)
 ParOldGen       total 562176K, used 561840K [0x0000000080000000, 0x00000000a2500000, 0x00000000d5580000)
  object space 562176K, 99% used [0x0000000080000000,0x00000000a24ac3f0,0x00000000a2500000)
 Metaspace       used 107517K, committed 109824K, reserved 1179648K
  class space    used 13708K, committed 14784K, reserved 1048576K
}
Event: 490.418 GC heap before
{Heap before GC invocations=2657 (full 4):
 PSYoungGen      total 12288K, used 12288K [0x00000000d5580000, 0x00000000d6700000, 0x0000000100000000)
  eden space 11776K, 100% used [0x00000000d5580000,0x00000000d6100000,0x00000000d6100000)
  from space 512K, 100% used [0x00000000d6680000,0x00000000d6700000,0x00000000d6700000)
  to   space 1024K, 0% used [0x00000000d6500000,0x00000000d6500000,0x00000000d6600000)
 ParOldGen       total 562176K, used 561840K [0x0000000080000000, 0x00000000a2500000, 0x00000000d5580000)
  object space 562176K, 99% used [0x0000000080000000,0x00000000a24ac3f0,0x00000000a2500000)
 Metaspace       used 107540K, committed 109824K, reserved 1179648K
  class space    used 13708K, committed 14784K, reserved 1048576K
}
Event: 490.422 GC heap after
{Heap after GC invocations=2657 (full 4):
 PSYoungGen      total 12800K, used 999K [0x00000000d5580000, 0x00000000d6700000, 0x0000000100000000)
  eden space 11776K, 0% used [0x00000000d5580000,0x00000000d5580000,0x00000000d6100000)
  from space 1024K, 97% used [0x00000000d6500000,0x00000000d65f9de0,0x00000000d6600000)
  to   space 1024K, 0% used [0x00000000d6600000,0x00000000d6600000,0x00000000d6700000)
 ParOldGen       total 562176K, used 562024K [0x0000000080000000, 0x00000000a2500000, 0x00000000d5580000)
  object space 562176K, 99% used [0x0000000080000000,0x00000000a24da3f0,0x00000000a2500000)
 Metaspace       used 107540K, committed 109824K, reserved 1179648K
  class space    used 13708K, committed 14784K, reserved 1048576K
}
Event: 492.997 GC heap before
{Heap before GC invocations=2658 (full 4):
 PSYoungGen      total 12800K, used 12775K [0x00000000d5580000, 0x00000000d6700000, 0x0000000100000000)
  eden space 11776K, 99% used [0x00000000d5580000,0x00000000d60ffff8,0x00000000d6100000)
  from space 1024K, 97% used [0x00000000d6500000,0x00000000d65f9de0,0x00000000d6600000)
  to   space 1024K, 0% used [0x00000000d6600000,0x00000000d6600000,0x00000000d6700000)
 ParOldGen       total 562176K, used 562024K [0x0000000080000000, 0x00000000a2500000, 0x00000000d5580000)
  object space 562176K, 99% used [0x0000000080000000,0x00000000a24da3f0,0x00000000a2500000)
 Metaspace       used 107691K, committed 109952K, reserved 1179648K
  class space    used 13716K, committed 14784K, reserved 1048576K
}
Event: 493.012 GC heap after
{Heap after GC invocations=2658 (full 4):
 PSYoungGen      total 12800K, used 1008K [0x00000000d5580000, 0x00000000d6900000, 0x0000000100000000)
  eden space 11776K, 0% used [0x00000000d5580000,0x00000000d5580000,0x00000000d6100000)
  from space 1024K, 98% used [0x00000000d6600000,0x00000000d66fc010,0x00000000d6700000)
  to   space 4096K, 0% used [0x00000000d6100000,0x00000000d6100000,0x00000000d6500000)
 ParOldGen       total 564736K, used 564393K [0x0000000080000000, 0x00000000a2780000, 0x00000000d5580000)
  object space 564736K, 99% used [0x0000000080000000,0x00000000a272a520,0x00000000a2780000)
 Metaspace       used 107691K, committed 109952K, reserved 1179648K
  class space    used 13716K, committed 14784K, reserved 1048576K
}
Event: 527.100 GC heap before
{Heap before GC invocations=2659 (full 4):
 PSYoungGen      total 12800K, used 12784K [0x00000000d5580000, 0x00000000d6900000, 0x0000000100000000)
  eden space 11776K, 100% used [0x00000000d5580000,0x00000000d6100000,0x00000000d6100000)
  from space 1024K, 98% used [0x00000000d6600000,0x00000000d66fc010,0x00000000d6700000)
  to   space 4096K, 0% used [0x00000000d6100000,0x00000000d6100000,0x00000000d6500000)
 ParOldGen       total 564736K, used 564393K [0x0000000080000000, 0x00000000a2780000, 0x00000000d5580000)
  object space 564736K, 99% used [0x0000000080000000,0x00000000a272a520,0x00000000a2780000)
 Metaspace       used 107743K, committed 110016K, reserved 1179648K
  class space    used 13717K, committed 14784K, reserved 1048576K
}
Event: 527.329 GC heap after
{Heap after GC invocations=2659 (full 4):
 PSYoungGen      total 14848K, used 3068K [0x00000000d5580000, 0x00000000d6800000, 0x0000000100000000)
  eden space 11776K, 0% used [0x00000000d5580000,0x00000000d5580000,0x00000000d6100000)
  from space 3072K, 99% used [0x00000000d6100000,0x00000000d63ff068,0x00000000d6400000)
  to   space 3584K, 0% used [0x00000000d6480000,0x00000000d6480000,0x00000000d6800000)
 ParOldGen       total 565760K, used 565445K [0x0000000080000000, 0x00000000a2880000, 0x00000000d5580000)
  object space 565760K, 99% used [0x0000000080000000,0x00000000a2831550,0x00000000a2880000)
 Metaspace       used 107743K, committed 110016K, reserved 1179648K
  class space    used 13717K, committed 14784K, reserved 1048576K
}
Event: 537.185 GC heap before
{Heap before GC invocations=2660 (full 4):
 PSYoungGen      total 14848K, used 14844K [0x00000000d5580000, 0x00000000d6800000, 0x0000000100000000)
  eden space 11776K, 100% used [0x00000000d5580000,0x00000000d6100000,0x00000000d6100000)
  from space 3072K, 99% used [0x00000000d6100000,0x00000000d63ff068,0x00000000d6400000)
  to   space 3584K, 0% used [0x00000000d6480000,0x00000000d6480000,0x00000000d6800000)
 ParOldGen       total 565760K, used 565445K [0x0000000080000000, 0x00000000a2880000, 0x00000000d5580000)
  object space 565760K, 99% used [0x0000000080000000,0x00000000a2831550,0x00000000a2880000)
 Metaspace       used 107756K, committed 110016K, reserved 1179648K
  class space    used 13717K, committed 14784K, reserved 1048576K
}
Event: 537.195 GC heap after
{Heap after GC invocations=2660 (full 4):
 PSYoungGen      total 12288K, used 256K [0x00000000d5580000, 0x00000000d6500000, 0x0000000100000000)
  eden space 11776K, 0% used [0x00000000d5580000,0x00000000d5580000,0x00000000d6100000)
  from space 512K, 50% used [0x00000000d6480000,0x00000000d64c0000,0x00000000d6500000)
  to   space 1536K, 0% used [0x00000000d6200000,0x00000000d6200000,0x00000000d6380000)
 ParOldGen       total 568320K, used 568316K [0x0000000080000000, 0x00000000a2b00000, 0x00000000d5580000)
  object space 568320K, 99% used [0x0000000080000000,0x00000000a2aff220,0x00000000a2b00000)
 Metaspace       used 107756K, committed 110016K, reserved 1179648K
  class space    used 13717K, committed 14784K, reserved 1048576K
}

