# JRE version: OpenJDK Runtime Environment Temurin-21.0.10+7 (21.0.10+7) (build 21.0.10+7-LTS)
# Java VM: OpenJDK 64-Bit Server VM Temurin-21.0.10+7 (21.0.10+7-LTS, mixed mode, sharing, tiered, compressed oops, compressed class ptrs, g1 gc, windows-amd64)
GC Precious Log:
 CardTable entry size: 512
 Card Set container configuration: InlinePtr #cards 5 size 8 Array Of Cards #cards 12 size 40 Howl #buckets 4 coarsen threshold 1843 Howl Bitmap #cards 512 size 80 coarsen threshold 460 Card regions per heap region 1 cards per card region 2048
 CPUs: 8 total, 8 available
 Memory: 7834M
 Large Page Support: Disabled
 NUMA Support: Disabled
 Compressed Oops: Enabled (32-bit)
 Heap Region Size: 1M
 Heap Min Capacity: 8M
 Heap Initial Capacity: 124M
 Heap Max Capacity: 768M
 Pre-touch: Disabled
 Parallel Workers: 8
 Concurrent Workers: 2
 Concurrent Refinement Workers: 8
 Periodic GC: Disabled
Heap:
 garbage-first heap   total 114688K, used 74963K [0x00000000d0000000, 0x0000000100000000)
  region size 1024K, 9 young (9216K), 5 survivors (5120K)
 Metaspace       used 74166K, committed 76416K, reserved 229376K
  class space    used 10718K, committed 11840K, reserved 163840K
GC Heap History (20 events):
Event: 7.594 GC heap before
{Heap before GC invocations=15 (full 0):
 garbage-first heap   total 86016K, used 77251K [0x00000000d0000000, 0x0000000100000000)
  region size 1024K, 39 young (39936K), 5 survivors (5120K)
 Metaspace       used 57115K, committed 59072K, reserved 229376K
  class space    used 8312K, committed 9280K, reserved 163840K
}
Event: 7.601 GC heap after
{Heap after GC invocations=16 (full 0):
 garbage-first heap   total 87040K, used 47011K [0x00000000d0000000, 0x0000000100000000)
  region size 1024K, 5 young (5120K), 5 survivors (5120K)
 Metaspace       used 57115K, committed 59072K, reserved 229376K
  class space    used 8312K, committed 9280K, reserved 163840K
}
Event: 8.146 GC heap before
{Heap before GC invocations=17 (full 0):
 garbage-first heap   total 87040K, used 83875K [0x00000000d0000000, 0x0000000100000000)
  region size 1024K, 35 young (35840K), 5 survivors (5120K)
 Metaspace       used 58345K, committed 60224K, reserved 229376K
  class space    used 8464K, committed 9408K, reserved 163840K
}
Event: 8.152 GC heap after
{Heap after GC invocations=18 (full 0):
 garbage-first heap   total 94208K, used 57866K [0x00000000d0000000, 0x0000000100000000)
  region size 1024K, 5 young (5120K), 5 survivors (5120K)
 Metaspace       used 58345K, committed 60224K, reserved 229376K
  class space    used 8464K, committed 9408K, reserved 163840K
}
Event: 8.487 GC heap before
{Heap before GC invocations=18 (full 0):
 garbage-first heap   total 94208K, used 83466K [0x00000000d0000000, 0x0000000100000000)
  region size 1024K, 30 young (30720K), 5 survivors (5120K)
 Metaspace       used 61257K, committed 63104K, reserved 229376K
  class space    used 8827K, committed 9728K, reserved 163840K
}
Event: 8.490 GC heap after
{Heap after GC invocations=19 (full 0):
 garbage-first heap   total 94208K, used 59338K [0x00000000d0000000, 0x0000000100000000)
  region size 1024K, 2 young (2048K), 2 survivors (2048K)
 Metaspace       used 61257K, committed 63104K, reserved 229376K
  class space    used 8827K, committed 9728K, reserved 163840K
}
Event: 8.749 GC heap before
{Heap before GC invocations=19 (full 0):
 garbage-first heap   total 94208K, used 84938K [0x00000000d0000000, 0x0000000100000000)
  region size 1024K, 27 young (27648K), 2 survivors (2048K)
 Metaspace       used 63067K, committed 65024K, reserved 229376K
  class space    used 9097K, committed 10048K, reserved 163840K
}
Event: 8.751 GC heap after
{Heap after GC invocations=20 (full 0):
 garbage-first heap   total 94208K, used 60285K [0x00000000d0000000, 0x0000000100000000)
  region size 1024K, 3 young (3072K), 3 survivors (3072K)
 Metaspace       used 63067K, committed 65024K, reserved 229376K
  class space    used 9097K, committed 10048K, reserved 163840K
}
Event: 8.989 GC heap before
{Heap before GC invocations=21 (full 0):
 garbage-first heap   total 102400K, used 85885K [0x00000000d0000000, 0x0000000100000000)
  region size 1024K, 28 young (28672K), 3 survivors (3072K)
 Metaspace       used 64897K, committed 66816K, reserved 229376K
  class space    used 9363K, committed 10304K, reserved 163840K
}
Event: 8.992 GC heap after
{Heap after GC invocations=22 (full 0):
 garbage-first heap   total 102400K, used 60901K [0x00000000d0000000, 0x0000000100000000)
  region size 1024K, 2 young (2048K), 2 survivors (2048K)
 Metaspace       used 64897K, committed 66816K, reserved 229376K
  class space    used 9363K, committed 10304K, reserved 163840K
}
Event: 9.314 GC heap before
{Heap before GC invocations=22 (full 0):
 garbage-first heap   total 102400K, used 92645K [0x00000000d0000000, 0x0000000100000000)
  region size 1024K, 34 young (34816K), 2 survivors (2048K)
 Metaspace       used 67652K, committed 69760K, reserved 229376K
  class space    used 9820K, committed 10880K, reserved 163840K
}
Event: 9.317 GC heap after
{Heap after GC invocations=23 (full 0):
 garbage-first heap   total 102400K, used 61032K [0x00000000d0000000, 0x0000000100000000)
  region size 1024K, 4 young (4096K), 4 survivors (4096K)
 Metaspace       used 67652K, committed 69760K, reserved 229376K
  class space    used 9820K, committed 10880K, reserved 163840K
}
Event: 9.637 GC heap before
{Heap before GC invocations=23 (full 0):
 garbage-first heap   total 102400K, used 93800K [0x00000000d0000000, 0x0000000100000000)
  region size 1024K, 36 young (36864K), 4 survivors (4096K)
 Metaspace       used 69435K, committed 71552K, reserved 229376K
  class space    used 10081K, committed 11136K, reserved 163840K
}
Event: 9.641 GC heap after
{Heap after GC invocations=24 (full 0):
 garbage-first heap   total 102400K, used 62257K [0x00000000d0000000, 0x0000000100000000)
  region size 1024K, 4 young (4096K), 4 survivors (4096K)
 Metaspace       used 69435K, committed 71552K, reserved 229376K
  class space    used 10081K, committed 11136K, reserved 163840K
}
Event: 9.980 GC heap before
{Heap before GC invocations=25 (full 0):
 garbage-first heap   total 106496K, used 94001K [0x00000000d0000000, 0x0000000100000000)
  region size 1024K, 36 young (36864K), 4 survivors (4096K)
 Metaspace       used 70913K, committed 73024K, reserved 229376K
  class space    used 10301K, committed 11328K, reserved 163840K
}
Event: 9.985 GC heap after
{Heap after GC invocations=26 (full 0):
 garbage-first heap   total 106496K, used 65719K [0x00000000d0000000, 0x0000000100000000)
  region size 1024K, 5 young (5120K), 5 survivors (5120K)
 Metaspace       used 70913K, committed 73024K, reserved 229376K
  class space    used 10301K, committed 11328K, reserved 163840K
}
Event: 10.543 GC heap before
{Heap before GC invocations=26 (full 0):
 garbage-first heap   total 106496K, used 97463K [0x00000000d0000000, 0x0000000100000000)
  region size 1024K, 36 young (36864K), 5 survivors (5120K)
 Metaspace       used 72737K, committed 74944K, reserved 229376K
  class space    used 10511K, committed 11584K, reserved 163840K
}
Event: 10.550 GC heap after
{Heap after GC invocations=27 (full 0):
 garbage-first heap   total 107520K, used 68358K [0x00000000d0000000, 0x0000000100000000)
  region size 1024K, 4 young (4096K), 4 survivors (4096K)
 Metaspace       used 72737K, committed 74944K, reserved 229376K
  class space    used 10511K, committed 11584K, reserved 163840K
}
Event: 11.008 GC heap before
{Heap before GC invocations=27 (full 0):
 garbage-first heap   total 107520K, used 98054K [0x00000000d0000000, 0x0000000100000000)
  region size 1024K, 33 young (33792K), 4 survivors (4096K)
 Metaspace       used 73945K, committed 76160K, reserved 229376K
  class space    used 10674K, committed 11776K, reserved 163840K
}
Event: 11.013 GC heap after
{Heap after GC invocations=28 (full 0):
 garbage-first heap   total 107520K, used 71891K [0x00000000d0000000, 0x0000000100000000)
  region size 1024K, 5 young (5120K), 5 survivors (5120K)
 Metaspace       used 73945K, committed 76160K, reserved 229376K
  class space    used 10674K, committed 11776K, reserved 163840K
}

